2020/10/05 === [HikariPool-1 housekeeper] == WARN  == com.zaxxer.hikari.pool.HikariPool == HikariPool-1 - Thread starvation or clock leap detected (housekeeper delta=43m27s411ms).
2020/10/05 === [HikariPool-1 housekeeper] == WARN  == com.zaxxer.hikari.pool.HikariPool == HikariPool-1 - Thread starvation or clock leap detected (housekeeper delta=58m27s779ms).
2020/10/05 === [HikariPool-1 housekeeper] == WARN  == com.zaxxer.hikari.pool.HikariPool == HikariPool-1 - Thread starvation or clock leap detected (housekeeper delta=55m51s21ms).
2020/10/05 === [HikariPool-1 housekeeper] == WARN  == com.zaxxer.hikari.pool.HikariPool == HikariPool-1 - Thread starvation or clock leap detected (housekeeper delta=54m14s68ms).
2020/10/05 === [HikariPool-1 housekeeper] == WARN  == com.zaxxer.hikari.pool.HikariPool == HikariPool-1 - Thread starvation or clock leap detected (housekeeper delta=1h48m901ms).
2020/10/05 === [HikariPool-1 housekeeper] == WARN  == com.zaxxer.hikari.pool.HikariPool == HikariPool-1 - Thread starvation or clock leap detected (housekeeper delta=54m14s614ms).
2020/10/05 === [HikariPool-1 housekeeper] == WARN  == com.zaxxer.hikari.pool.HikariPool == HikariPool-1 - Thread starvation or clock leap detected (housekeeper delta=5h47m5s581ms).
2020/10/05 === [HikariPool-1 housekeeper] == WARN  == com.zaxxer.hikari.pool.HikariPool == HikariPool-1 - Thread starvation or clock leap detected (housekeeper delta=53m13s361ms).
2020/10/05 === [http-nio-8080-exec-4] == DEBUG == cn.lilq.springbootdemo.controller.FieryCon == 1
2020/10/05 === [http-nio-8080-exec-5] == DEBUG == cn.lilq.springbootdemo.controller.FieryCon == {"id":1,"name":"linux网络编程","fiery":1}
2020/10/05 === [http-nio-8080-exec-6] == WARN  == o.s.w.s.m.support.DefaultHandlerExceptionResolver == Resolved [org.springframework.web.HttpRequestMethodNotSupportedException: Request method 'PUT' not supported]
2020/10/05 === [SpringContextShutdownHook] == INFO  == o.s.orm.jpa.LocalContainerEntityManagerFactoryBean == Closing JPA EntityManagerFactory for persistence unit 'default'
2020/10/05 === [SpringContextShutdownHook] == INFO  == o.s.scheduling.concurrent.ThreadPoolTaskExecutor == Shutting down ExecutorService 'applicationTaskExecutor'
2020/10/05 === [SpringContextShutdownHook] == INFO  == com.zaxxer.hikari.HikariDataSource == HikariPool-1 - Shutdown initiated...
2020/10/05 === [SpringContextShutdownHook] == INFO  == com.zaxxer.hikari.HikariDataSource == HikariPool-1 - Shutdown completed.
2020/10/05 === [restartedMain] == INFO  == cn.lilq.springbootdemo.SpringbootdemoApplication == Starting SpringbootdemoApplication on daquandeMBP with PID 2704 (/Users/daquan/IdeaProjects/springbootdemo/target/classes started by daquan in /Users/daquan/IdeaProjects/springbootdemo)
2020/10/05 === [restartedMain] == DEBUG == cn.lilq.springbootdemo.SpringbootdemoApplication == Running with Spring Boot v2.3.4.RELEASE, Spring v5.2.9.RELEASE
2020/10/05 === [restartedMain] == INFO  == cn.lilq.springbootdemo.SpringbootdemoApplication == The following profiles are active: dev
2020/10/05 === [restartedMain] == INFO  == o.s.b.d.env.DevToolsPropertyDefaultsPostProcessor == Devtools property defaults active! Set 'spring.devtools.add-properties' to 'false' to disable
2020/10/05 === [restartedMain] == INFO  == o.s.b.d.env.DevToolsPropertyDefaultsPostProcessor == For additional web related logging consider setting the 'logging.level.web' property to 'DEBUG'
2020/10/05 === [restartedMain] == INFO  == o.s.d.r.config.RepositoryConfigurationDelegate == Multiple Spring Data modules found, entering strict repository configuration mode!
2020/10/05 === [restartedMain] == INFO  == o.s.d.r.config.RepositoryConfigurationDelegate == Bootstrapping Spring Data JPA repositories in DEFERRED mode.
2020/10/05 === [restartedMain] == INFO  == o.s.d.r.config.RepositoryConfigurationDelegate == Finished Spring Data repository scanning in 65ms. Found 1 JPA repository interfaces.
2020/10/05 === [restartedMain] == INFO  == o.s.d.r.config.RepositoryConfigurationDelegate == Multiple Spring Data modules found, entering strict repository configuration mode!
2020/10/05 === [restartedMain] == INFO  == o.s.d.r.config.RepositoryConfigurationDelegate == Bootstrapping Spring Data Redis repositories in DEFAULT mode.
2020/10/05 === [restartedMain] == INFO  == o.s.d.r.c.RepositoryConfigurationExtensionSupport == Spring Data Redis - Could not safely identify store assignment for repository candidate interface cn.lilq.springbootdemo.dao.BookDAO. If you want this repository to be a Redis repository, consider annotating your entities with one of these annotations: org.springframework.data.redis.core.RedisHash (preferred), or consider extending one of the following types with your repository: org.springframework.data.keyvalue.repository.KeyValueRepository.
2020/10/05 === [restartedMain] == INFO  == o.s.d.r.config.RepositoryConfigurationDelegate == Finished Spring Data repository scanning in 5ms. Found 0 Redis repository interfaces.
2020/10/05 === [restartedMain] == INFO  == o.s.boot.web.embedded.tomcat.TomcatWebServer == Tomcat initialized with port(s): 8080 (http)
2020/10/05 === [restartedMain] == INFO  == org.apache.catalina.core.StandardService == Starting service [Tomcat]
2020/10/05 === [restartedMain] == INFO  == org.apache.catalina.core.StandardEngine == Starting Servlet engine: [Apache Tomcat/9.0.38]
2020/10/05 === [restartedMain] == INFO  == o.a.c.core.ContainerBase.[Tomcat].[localhost].[/] == Initializing Spring embedded WebApplicationContext
2020/10/05 === [restartedMain] == INFO  == o.s.b.w.s.c.ServletWebServerApplicationContext == Root WebApplicationContext: initialization completed in 1681 ms
2020/10/05 === [restartedMain] == INFO  == o.s.scheduling.concurrent.ThreadPoolTaskExecutor == Initializing ExecutorService 'applicationTaskExecutor'
2020/10/05 === [task-1] == INFO  == org.hibernate.jpa.internal.util.LogHelper == HHH000204: Processing PersistenceUnitInfo [name: default]
2020/10/05 === [task-1] == INFO  == org.hibernate.Version == HHH000412: Hibernate ORM core version 5.4.21.Final
2020/10/05 === [task-1] == INFO  == org.hibernate.annotations.common.Version == HCANN000001: Hibernate Commons Annotations {5.1.0.Final}
2020/10/05 === [task-1] == INFO  == com.zaxxer.hikari.HikariDataSource == HikariPool-1 - Starting...
2020/10/05 === [restartedMain] == INFO  == o.s.b.d.autoconfigure.OptionalLiveReloadServer == LiveReload server is running on port 35729
2020/10/05 === [restartedMain] == INFO  == o.s.boot.web.embedded.tomcat.TomcatWebServer == Tomcat started on port(s): 8080 (http) with context path ''
2020/10/05 === [restartedMain] == INFO  == o.s.d.r.c.DeferredRepositoryInitializationListener == Triggering deferred initialization of Spring Data repositories…
2020/10/05 === [task-1] == INFO  == com.zaxxer.hikari.HikariDataSource == HikariPool-1 - Start completed.
2020/10/05 === [task-1] == INFO  == org.hibernate.dialect.Dialect == HHH000400: Using dialect: org.hibernate.dialect.MySQL5InnoDBDialect
2020/10/05 === [task-1] == INFO  == o.h.e.t.jta.platform.internal.JtaPlatformInitiator == HHH000490: Using JtaPlatform implementation: [org.hibernate.engine.transaction.jta.platform.internal.NoJtaPlatform]
2020/10/05 === [task-1] == INFO  == o.s.orm.jpa.LocalContainerEntityManagerFactoryBean == Initialized JPA EntityManagerFactory for persistence unit 'default'
2020/10/05 === [restartedMain] == INFO  == o.s.d.r.c.DeferredRepositoryInitializationListener == Spring Data repositories initialized!
2020/10/05 === [restartedMain] == INFO  == cn.lilq.springbootdemo.SpringbootdemoApplication == Started SpringbootdemoApplication in 4.723 seconds (JVM running for 5.705)
2020/10/05 === [http-nio-8080-exec-1] == INFO  == o.a.c.core.ContainerBase.[Tomcat].[localhost].[/] == Initializing Spring DispatcherServlet 'dispatcherServlet'
2020/10/05 === [http-nio-8080-exec-1] == INFO  == org.springframework.web.servlet.DispatcherServlet == Initializing Servlet 'dispatcherServlet'
2020/10/05 === [http-nio-8080-exec-1] == INFO  == org.springframework.web.servlet.DispatcherServlet == Completed initialization in 8 ms
2020/10/05 === [http-nio-8080-exec-1] == WARN  == o.s.w.s.m.support.DefaultHandlerExceptionResolver == Resolved [org.springframework.web.HttpRequestMethodNotSupportedException: Request method 'PUT' not supported]
2020/10/05 === [SpringContextShutdownHook] == INFO  == o.s.orm.jpa.LocalContainerEntityManagerFactoryBean == Closing JPA EntityManagerFactory for persistence unit 'default'
2020/10/05 === [SpringContextShutdownHook] == INFO  == o.s.scheduling.concurrent.ThreadPoolTaskExecutor == Shutting down ExecutorService 'applicationTaskExecutor'
2020/10/05 === [SpringContextShutdownHook] == INFO  == com.zaxxer.hikari.HikariDataSource == HikariPool-1 - Shutdown initiated...
2020/10/05 === [SpringContextShutdownHook] == INFO  == com.zaxxer.hikari.HikariDataSource == HikariPool-1 - Shutdown completed.
2020/10/05 === [restartedMain] == INFO  == cn.lilq.springbootdemo.SpringbootdemoApplication == Starting SpringbootdemoApplication on daquandeMBP with PID 2710 (/Users/daquan/IdeaProjects/springbootdemo/target/classes started by daquan in /Users/daquan/IdeaProjects/springbootdemo)
2020/10/05 === [restartedMain] == DEBUG == cn.lilq.springbootdemo.SpringbootdemoApplication == Running with Spring Boot v2.3.4.RELEASE, Spring v5.2.9.RELEASE
2020/10/05 === [restartedMain] == INFO  == cn.lilq.springbootdemo.SpringbootdemoApplication == The following profiles are active: dev
2020/10/05 === [restartedMain] == INFO  == o.s.b.d.env.DevToolsPropertyDefaultsPostProcessor == Devtools property defaults active! Set 'spring.devtools.add-properties' to 'false' to disable
2020/10/05 === [restartedMain] == INFO  == o.s.b.d.env.DevToolsPropertyDefaultsPostProcessor == For additional web related logging consider setting the 'logging.level.web' property to 'DEBUG'
2020/10/05 === [restartedMain] == INFO  == o.s.d.r.config.RepositoryConfigurationDelegate == Multiple Spring Data modules found, entering strict repository configuration mode!
2020/10/05 === [restartedMain] == INFO  == o.s.d.r.config.RepositoryConfigurationDelegate == Bootstrapping Spring Data JPA repositories in DEFERRED mode.
2020/10/05 === [restartedMain] == INFO  == o.s.d.r.config.RepositoryConfigurationDelegate == Finished Spring Data repository scanning in 57ms. Found 1 JPA repository interfaces.
2020/10/05 === [restartedMain] == INFO  == o.s.d.r.config.RepositoryConfigurationDelegate == Multiple Spring Data modules found, entering strict repository configuration mode!
2020/10/05 === [restartedMain] == INFO  == o.s.d.r.config.RepositoryConfigurationDelegate == Bootstrapping Spring Data Redis repositories in DEFAULT mode.
2020/10/05 === [restartedMain] == INFO  == o.s.d.r.c.RepositoryConfigurationExtensionSupport == Spring Data Redis - Could not safely identify store assignment for repository candidate interface cn.lilq.springbootdemo.dao.BookDAO. If you want this repository to be a Redis repository, consider annotating your entities with one of these annotations: org.springframework.data.redis.core.RedisHash (preferred), or consider extending one of the following types with your repository: org.springframework.data.keyvalue.repository.KeyValueRepository.
2020/10/05 === [restartedMain] == INFO  == o.s.d.r.config.RepositoryConfigurationDelegate == Finished Spring Data repository scanning in 5ms. Found 0 Redis repository interfaces.
2020/10/05 === [restartedMain] == INFO  == o.s.boot.web.embedded.tomcat.TomcatWebServer == Tomcat initialized with port(s): 8080 (http)
2020/10/05 === [restartedMain] == INFO  == org.apache.catalina.core.StandardService == Starting service [Tomcat]
2020/10/05 === [restartedMain] == INFO  == org.apache.catalina.core.StandardEngine == Starting Servlet engine: [Apache Tomcat/9.0.38]
2020/10/05 === [restartedMain] == INFO  == o.a.c.core.ContainerBase.[Tomcat].[localhost].[/] == Initializing Spring embedded WebApplicationContext
2020/10/05 === [restartedMain] == INFO  == o.s.b.w.s.c.ServletWebServerApplicationContext == Root WebApplicationContext: initialization completed in 1225 ms
2020/10/05 === [restartedMain] == INFO  == o.s.scheduling.concurrent.ThreadPoolTaskExecutor == Initializing ExecutorService 'applicationTaskExecutor'
2020/10/05 === [task-1] == INFO  == org.hibernate.jpa.internal.util.LogHelper == HHH000204: Processing PersistenceUnitInfo [name: default]
2020/10/05 === [task-1] == INFO  == org.hibernate.Version == HHH000412: Hibernate ORM core version 5.4.21.Final
2020/10/05 === [task-1] == INFO  == org.hibernate.annotations.common.Version == HCANN000001: Hibernate Commons Annotations {5.1.0.Final}
2020/10/05 === [task-1] == INFO  == com.zaxxer.hikari.HikariDataSource == HikariPool-1 - Starting...
2020/10/05 === [restartedMain] == INFO  == o.s.b.d.autoconfigure.OptionalLiveReloadServer == LiveReload server is running on port 35729
2020/10/05 === [restartedMain] == INFO  == o.s.boot.web.embedded.tomcat.TomcatWebServer == Tomcat started on port(s): 8080 (http) with context path ''
2020/10/05 === [restartedMain] == INFO  == o.s.d.r.c.DeferredRepositoryInitializationListener == Triggering deferred initialization of Spring Data repositories…
2020/10/05 === [task-1] == INFO  == com.zaxxer.hikari.HikariDataSource == HikariPool-1 - Start completed.
2020/10/05 === [task-1] == INFO  == org.hibernate.dialect.Dialect == HHH000400: Using dialect: org.hibernate.dialect.MySQL5InnoDBDialect
2020/10/05 === [task-1] == INFO  == o.h.e.t.jta.platform.internal.JtaPlatformInitiator == HHH000490: Using JtaPlatform implementation: [org.hibernate.engine.transaction.jta.platform.internal.NoJtaPlatform]
2020/10/05 === [task-1] == INFO  == o.s.orm.jpa.LocalContainerEntityManagerFactoryBean == Initialized JPA EntityManagerFactory for persistence unit 'default'
2020/10/05 === [restartedMain] == INFO  == o.s.d.r.c.DeferredRepositoryInitializationListener == Spring Data repositories initialized!
2020/10/05 === [restartedMain] == INFO  == cn.lilq.springbootdemo.SpringbootdemoApplication == Started SpringbootdemoApplication in 3.668 seconds (JVM running for 4.45)
2020/10/05 === [http-nio-8080-exec-1] == INFO  == o.a.c.core.ContainerBase.[Tomcat].[localhost].[/] == Initializing Spring DispatcherServlet 'dispatcherServlet'
2020/10/05 === [http-nio-8080-exec-1] == INFO  == org.springframework.web.servlet.DispatcherServlet == Initializing Servlet 'dispatcherServlet'
2020/10/05 === [http-nio-8080-exec-1] == INFO  == org.springframework.web.servlet.DispatcherServlet == Completed initialization in 13 ms
2020/10/05 === [http-nio-8080-exec-1] == DEBUG == cn.lilq.springbootdemo.controller.FieryCon == 1
2020/10/05 === [http-nio-8080-exec-2] == DEBUG == cn.lilq.springbootdemo.controller.FieryCon == {"id":1,"name":"linux网络编程","fiery":2}
2020/10/05 === [SpringContextShutdownHook] == INFO  == o.s.orm.jpa.LocalContainerEntityManagerFactoryBean == Closing JPA EntityManagerFactory for persistence unit 'default'
2020/10/05 === [SpringContextShutdownHook] == INFO  == o.s.scheduling.concurrent.ThreadPoolTaskExecutor == Shutting down ExecutorService 'applicationTaskExecutor'
2020/10/05 === [SpringContextShutdownHook] == INFO  == com.zaxxer.hikari.HikariDataSource == HikariPool-1 - Shutdown initiated...
2020/10/05 === [SpringContextShutdownHook] == INFO  == com.zaxxer.hikari.HikariDataSource == HikariPool-1 - Shutdown completed.
2020/10/05 === [restartedMain] == INFO  == cn.lilq.springbootdemo.SpringbootdemoApplication == Starting SpringbootdemoApplication on daquandeMBP with PID 2743 (/Users/daquan/IdeaProjects/springbootdemo/target/classes started by daquan in /Users/daquan/IdeaProjects/springbootdemo)
2020/10/05 === [restartedMain] == DEBUG == cn.lilq.springbootdemo.SpringbootdemoApplication == Running with Spring Boot v2.3.4.RELEASE, Spring v5.2.9.RELEASE
2020/10/05 === [restartedMain] == INFO  == cn.lilq.springbootdemo.SpringbootdemoApplication == The following profiles are active: dev
2020/10/05 === [restartedMain] == INFO  == o.s.b.d.env.DevToolsPropertyDefaultsPostProcessor == Devtools property defaults active! Set 'spring.devtools.add-properties' to 'false' to disable
2020/10/05 === [restartedMain] == INFO  == o.s.b.d.env.DevToolsPropertyDefaultsPostProcessor == For additional web related logging consider setting the 'logging.level.web' property to 'DEBUG'
2020/10/05 === [restartedMain] == INFO  == o.s.d.r.config.RepositoryConfigurationDelegate == Multiple Spring Data modules found, entering strict repository configuration mode!
2020/10/05 === [restartedMain] == INFO  == o.s.d.r.config.RepositoryConfigurationDelegate == Bootstrapping Spring Data JPA repositories in DEFERRED mode.
2020/10/05 === [restartedMain] == INFO  == o.s.d.r.config.RepositoryConfigurationDelegate == Finished Spring Data repository scanning in 42ms. Found 1 JPA repository interfaces.
2020/10/05 === [restartedMain] == INFO  == o.s.d.r.config.RepositoryConfigurationDelegate == Multiple Spring Data modules found, entering strict repository configuration mode!
2020/10/05 === [restartedMain] == INFO  == o.s.d.r.config.RepositoryConfigurationDelegate == Bootstrapping Spring Data Redis repositories in DEFAULT mode.
2020/10/05 === [restartedMain] == INFO  == o.s.d.r.c.RepositoryConfigurationExtensionSupport == Spring Data Redis - Could not safely identify store assignment for repository candidate interface cn.lilq.springbootdemo.dao.BookDAO. If you want this repository to be a Redis repository, consider annotating your entities with one of these annotations: org.springframework.data.redis.core.RedisHash (preferred), or consider extending one of the following types with your repository: org.springframework.data.keyvalue.repository.KeyValueRepository.
2020/10/05 === [restartedMain] == INFO  == o.s.d.r.config.RepositoryConfigurationDelegate == Finished Spring Data repository scanning in 5ms. Found 0 Redis repository interfaces.
2020/10/05 === [restartedMain] == INFO  == o.s.boot.web.embedded.tomcat.TomcatWebServer == Tomcat initialized with port(s): 8080 (http)
2020/10/05 === [restartedMain] == INFO  == org.apache.catalina.core.StandardService == Starting service [Tomcat]
2020/10/05 === [restartedMain] == INFO  == org.apache.catalina.core.StandardEngine == Starting Servlet engine: [Apache Tomcat/9.0.38]
2020/10/05 === [restartedMain] == INFO  == o.a.c.core.ContainerBase.[Tomcat].[localhost].[/] == Initializing Spring embedded WebApplicationContext
2020/10/05 === [restartedMain] == INFO  == o.s.b.w.s.c.ServletWebServerApplicationContext == Root WebApplicationContext: initialization completed in 1143 ms
2020/10/05 === [restartedMain] == INFO  == o.s.scheduling.concurrent.ThreadPoolTaskExecutor == Initializing ExecutorService 'applicationTaskExecutor'
2020/10/05 === [task-1] == INFO  == org.hibernate.jpa.internal.util.LogHelper == HHH000204: Processing PersistenceUnitInfo [name: default]
2020/10/05 === [task-1] == INFO  == org.hibernate.Version == HHH000412: Hibernate ORM core version 5.4.21.Final
2020/10/05 === [task-1] == INFO  == org.hibernate.annotations.common.Version == HCANN000001: Hibernate Commons Annotations {5.1.0.Final}
2020/10/05 === [task-1] == INFO  == com.zaxxer.hikari.HikariDataSource == HikariPool-1 - Starting...
2020/10/05 === [restartedMain] == INFO  == o.s.b.d.autoconfigure.OptionalLiveReloadServer == LiveReload server is running on port 35729
2020/10/05 === [restartedMain] == INFO  == o.s.boot.web.embedded.tomcat.TomcatWebServer == Tomcat started on port(s): 8080 (http) with context path ''
2020/10/05 === [restartedMain] == INFO  == o.s.d.r.c.DeferredRepositoryInitializationListener == Triggering deferred initialization of Spring Data repositories…
2020/10/05 === [task-1] == INFO  == com.zaxxer.hikari.HikariDataSource == HikariPool-1 - Start completed.
2020/10/05 === [task-1] == INFO  == org.hibernate.dialect.Dialect == HHH000400: Using dialect: org.hibernate.dialect.MySQL5InnoDBDialect
2020/10/05 === [task-1] == INFO  == o.h.e.t.jta.platform.internal.JtaPlatformInitiator == HHH000490: Using JtaPlatform implementation: [org.hibernate.engine.transaction.jta.platform.internal.NoJtaPlatform]
2020/10/05 === [task-1] == INFO  == o.s.orm.jpa.LocalContainerEntityManagerFactoryBean == Initialized JPA EntityManagerFactory for persistence unit 'default'
2020/10/05 === [restartedMain] == INFO  == o.s.d.r.c.DeferredRepositoryInitializationListener == Spring Data repositories initialized!
2020/10/05 === [restartedMain] == INFO  == cn.lilq.springbootdemo.SpringbootdemoApplication == Started SpringbootdemoApplication in 3.469 seconds (JVM running for 4.453)
2020/10/05 === [http-nio-8080-exec-1] == INFO  == o.a.c.core.ContainerBase.[Tomcat].[localhost].[/] == Initializing Spring DispatcherServlet 'dispatcherServlet'
2020/10/05 === [http-nio-8080-exec-1] == INFO  == org.springframework.web.servlet.DispatcherServlet == Initializing Servlet 'dispatcherServlet'
2020/10/05 === [http-nio-8080-exec-1] == INFO  == org.springframework.web.servlet.DispatcherServlet == Completed initialization in 5 ms
2020/10/05 === [http-nio-8080-exec-1] == DEBUG == cn.lilq.springbootdemo.controller.BookCon == list[Book{id=1, name='linux网络编程', mess='代码好用'}, Book{id=3, name='linux网络编程', mess='代码好用'}, Book{id=4, name='linux网络编程', mess='代码好用'}, Book{id=5, name='linux网络编程', mess='代码好用'}]
2020/10/05 === [http-nio-8080-exec-3] == DEBUG == cn.lilq.springbootdemo.controller.BookCon == list[Book{id=1, name='linux网络编程', mess='代码好用'}, Book{id=3, name='linux网络编程', mess='代码好用'}, Book{id=4, name='linux网络编程', mess='代码好用'}, Book{id=5, name='linux网络编程', mess='代码好用'}]
2020/10/05 === [http-nio-8080-exec-2] == DEBUG == cn.lilq.springbootdemo.controller.FieryCon == {"id":1,"name":"linux网络编程","fiery":2}
2020/10/05 === [http-nio-8080-exec-4] == DEBUG == cn.lilq.springbootdemo.controller.BookCon == list[Book{id=1, name='linux网络编程', mess='代码好用'}, Book{id=3, name='linux网络编程', mess='代码好用'}, Book{id=4, name='linux网络编程', mess='代码好用'}, Book{id=5, name='linux网络编程', mess='代码好用'}]
2020/10/05 === [http-nio-8080-exec-5] == DEBUG == cn.lilq.springbootdemo.controller.FieryCon == {"id":1,"name":"linux网络编程","fiery":2}
2020/10/05 === [SpringContextShutdownHook] == INFO  == o.s.orm.jpa.LocalContainerEntityManagerFactoryBean == Closing JPA EntityManagerFactory for persistence unit 'default'
2020/10/05 === [SpringContextShutdownHook] == INFO  == o.s.scheduling.concurrent.ThreadPoolTaskExecutor == Shutting down ExecutorService 'applicationTaskExecutor'
2020/10/05 === [SpringContextShutdownHook] == INFO  == com.zaxxer.hikari.HikariDataSource == HikariPool-1 - Shutdown initiated...
2020/10/05 === [SpringContextShutdownHook] == INFO  == com.zaxxer.hikari.HikariDataSource == HikariPool-1 - Shutdown completed.
2020/10/05 === [restartedMain] == INFO  == cn.lilq.springbootdemo.SpringbootdemoApplication == Starting SpringbootdemoApplication on daquandeMBP with PID 2754 (/Users/daquan/IdeaProjects/springbootdemo/target/classes started by daquan in /Users/daquan/IdeaProjects/springbootdemo)
2020/10/05 === [restartedMain] == DEBUG == cn.lilq.springbootdemo.SpringbootdemoApplication == Running with Spring Boot v2.3.4.RELEASE, Spring v5.2.9.RELEASE
2020/10/05 === [restartedMain] == INFO  == cn.lilq.springbootdemo.SpringbootdemoApplication == The following profiles are active: dev
2020/10/05 === [restartedMain] == INFO  == o.s.b.d.env.DevToolsPropertyDefaultsPostProcessor == Devtools property defaults active! Set 'spring.devtools.add-properties' to 'false' to disable
2020/10/05 === [restartedMain] == INFO  == o.s.b.d.env.DevToolsPropertyDefaultsPostProcessor == For additional web related logging consider setting the 'logging.level.web' property to 'DEBUG'
2020/10/05 === [restartedMain] == INFO  == o.s.d.r.config.RepositoryConfigurationDelegate == Multiple Spring Data modules found, entering strict repository configuration mode!
2020/10/05 === [restartedMain] == INFO  == o.s.d.r.config.RepositoryConfigurationDelegate == Bootstrapping Spring Data JPA repositories in DEFERRED mode.
2020/10/05 === [restartedMain] == INFO  == o.s.d.r.config.RepositoryConfigurationDelegate == Finished Spring Data repository scanning in 50ms. Found 1 JPA repository interfaces.
2020/10/05 === [restartedMain] == INFO  == o.s.d.r.config.RepositoryConfigurationDelegate == Multiple Spring Data modules found, entering strict repository configuration mode!
2020/10/05 === [restartedMain] == INFO  == o.s.d.r.config.RepositoryConfigurationDelegate == Bootstrapping Spring Data Redis repositories in DEFAULT mode.
2020/10/05 === [restartedMain] == INFO  == o.s.d.r.c.RepositoryConfigurationExtensionSupport == Spring Data Redis - Could not safely identify store assignment for repository candidate interface cn.lilq.springbootdemo.dao.BookDAO. If you want this repository to be a Redis repository, consider annotating your entities with one of these annotations: org.springframework.data.redis.core.RedisHash (preferred), or consider extending one of the following types with your repository: org.springframework.data.keyvalue.repository.KeyValueRepository.
2020/10/05 === [restartedMain] == INFO  == o.s.d.r.config.RepositoryConfigurationDelegate == Finished Spring Data repository scanning in 4ms. Found 0 Redis repository interfaces.
2020/10/05 === [restartedMain] == INFO  == o.s.boot.web.embedded.tomcat.TomcatWebServer == Tomcat initialized with port(s): 8080 (http)
2020/10/05 === [restartedMain] == INFO  == org.apache.catalina.core.StandardService == Starting service [Tomcat]
2020/10/05 === [restartedMain] == INFO  == org.apache.catalina.core.StandardEngine == Starting Servlet engine: [Apache Tomcat/9.0.38]
2020/10/05 === [restartedMain] == INFO  == o.a.c.core.ContainerBase.[Tomcat].[localhost].[/] == Initializing Spring embedded WebApplicationContext
2020/10/05 === [restartedMain] == INFO  == o.s.b.w.s.c.ServletWebServerApplicationContext == Root WebApplicationContext: initialization completed in 1286 ms
2020/10/05 === [restartedMain] == INFO  == o.s.scheduling.concurrent.ThreadPoolTaskExecutor == Initializing ExecutorService 'applicationTaskExecutor'
2020/10/05 === [task-1] == INFO  == org.hibernate.jpa.internal.util.LogHelper == HHH000204: Processing PersistenceUnitInfo [name: default]
2020/10/05 === [task-1] == INFO  == org.hibernate.Version == HHH000412: Hibernate ORM core version 5.4.21.Final
2020/10/05 === [task-1] == INFO  == org.hibernate.annotations.common.Version == HCANN000001: Hibernate Commons Annotations {5.1.0.Final}
2020/10/05 === [task-1] == INFO  == com.zaxxer.hikari.HikariDataSource == HikariPool-1 - Starting...
2020/10/05 === [restartedMain] == INFO  == o.s.b.d.autoconfigure.OptionalLiveReloadServer == LiveReload server is running on port 35729
2020/10/05 === [restartedMain] == INFO  == o.s.boot.web.embedded.tomcat.TomcatWebServer == Tomcat started on port(s): 8080 (http) with context path ''
2020/10/05 === [restartedMain] == INFO  == o.s.d.r.c.DeferredRepositoryInitializationListener == Triggering deferred initialization of Spring Data repositories…
2020/10/05 === [task-1] == INFO  == com.zaxxer.hikari.HikariDataSource == HikariPool-1 - Start completed.
2020/10/05 === [task-1] == INFO  == org.hibernate.dialect.Dialect == HHH000400: Using dialect: org.hibernate.dialect.MySQL5InnoDBDialect
2020/10/05 === [task-1] == INFO  == o.h.e.t.jta.platform.internal.JtaPlatformInitiator == HHH000490: Using JtaPlatform implementation: [org.hibernate.engine.transaction.jta.platform.internal.NoJtaPlatform]
2020/10/05 === [task-1] == INFO  == o.s.orm.jpa.LocalContainerEntityManagerFactoryBean == Initialized JPA EntityManagerFactory for persistence unit 'default'
2020/10/05 === [restartedMain] == INFO  == o.s.d.r.c.DeferredRepositoryInitializationListener == Spring Data repositories initialized!
2020/10/05 === [restartedMain] == INFO  == cn.lilq.springbootdemo.SpringbootdemoApplication == Started SpringbootdemoApplication in 3.571 seconds (JVM running for 4.362)
2020/10/05 === [http-nio-8080-exec-1] == INFO  == o.a.c.core.ContainerBase.[Tomcat].[localhost].[/] == Initializing Spring DispatcherServlet 'dispatcherServlet'
2020/10/05 === [http-nio-8080-exec-1] == INFO  == org.springframework.web.servlet.DispatcherServlet == Initializing Servlet 'dispatcherServlet'
2020/10/05 === [http-nio-8080-exec-1] == INFO  == org.springframework.web.servlet.DispatcherServlet == Completed initialization in 8 ms
2020/10/05 === [http-nio-8080-exec-1] == DEBUG == cn.lilq.springbootdemo.controller.FieryCon == {"id":1,"name":"linux网络编程","fiery":2}
2020/10/05 === [http-nio-8080-exec-2] == DEBUG == cn.lilq.springbootdemo.controller.BookCon == list[Book{id=1, name='linux网络编程', mess='代码好用'}, Book{id=3, name='linux网络编程', mess='代码好用'}, Book{id=4, name='linux网络编程', mess='代码好用'}, Book{id=5, name='linux网络编程', mess='代码好用'}]
2020/10/05 === [SpringContextShutdownHook] == INFO  == o.s.orm.jpa.LocalContainerEntityManagerFactoryBean == Closing JPA EntityManagerFactory for persistence unit 'default'
2020/10/05 === [SpringContextShutdownHook] == INFO  == o.s.scheduling.concurrent.ThreadPoolTaskExecutor == Shutting down ExecutorService 'applicationTaskExecutor'
2020/10/05 === [SpringContextShutdownHook] == INFO  == com.zaxxer.hikari.HikariDataSource == HikariPool-1 - Shutdown initiated...
2020/10/05 === [SpringContextShutdownHook] == INFO  == com.zaxxer.hikari.HikariDataSource == HikariPool-1 - Shutdown completed.
